# JRE version: Java(TM) SE Runtime Environment (8.0_05-b13) (build 1.8.0_05-b13)
# Java VM: Java HotSpot(TM) 64-Bit Server VM (25.5-b02 mixed mode bsd-amd64 compressed oops)
Heap:
 PSYoungGen      total 23552K, used 7963K [0x0000000795580000, 0x0000000798e00000, 0x00000007c0000000)
  eden space 23040K, 34% used [0x0000000795580000,0x0000000795d2eea8,0x0000000796c00000)
  from space 512K, 18% used [0x0000000798d80000,0x0000000798d98000,0x0000000798e00000)
  to   space 512K, 0% used [0x0000000798d00000,0x0000000798d00000,0x0000000798d80000)
 ParOldGen       total 129536K, used 3887K [0x0000000740000000, 0x0000000747e80000, 0x0000000795580000)
  object space 129536K, 3% used [0x0000000740000000,0x00000007403cbc48,0x0000000747e80000)
 Metaspace       used 8773K, capacity 8921K, committed 9216K, reserved 1056768K
  class space    used 900K, capacity 949K, committed 1024K, reserved 1048576K
GC Heap History (10 events):
Event: 42.128 GC heap before
{Heap before GC invocations=96 (full 0):
 PSYoungGen      total 28672K, used 28256K [0x0000000795580000, 0x0000000798e00000, 0x00000007c0000000)
  eden space 28160K, 100% used [0x0000000795580000,0x0000000797100000,0x0000000797100000)
  from space 512K, 18% used [0x0000000798d00000,0x0000000798d18000,0x0000000798d80000)
  to   space 512K, 0% used [0x0000000798d80000,0x0000000798d80000,0x0000000798e00000)
 ParOldGen       total 129536K, used 3839K [0x0000000740000000, 0x0000000747e80000, 0x0000000795580000)
  object space 129536K, 2% used [0x0000000740000000,0x00000007403bfc48,0x0000000747e80000)
 Metaspace       used 8767K, capacity 8921K, committed 9216K, reserved 1056768K
  class space    used 900K, capacity 949K, committed 1024K, reserved 1048576K
Event: 42.129 GC heap after
Heap after GC invocations=96 (full 0):
 PSYoungGen      total 27648K, used 160K [0x0000000795580000, 0x0000000798e00000, 0x00000007c0000000)
  eden space 27136K, 0% used [0x0000000795580000,0x0000000795580000,0x0000000797000000)
  from space 512K, 31% used [0x0000000798d80000,0x0000000798da8000,0x0000000798e00000)
  to   space 512K, 0% used [0x0000000798d00000,0x0000000798d00000,0x0000000798d80000)
 ParOldGen       total 129536K, used 3839K [0x0000000740000000, 0x0000000747e80000, 0x0000000795580000)
  object space 129536K, 2% used [0x0000000740000000,0x00000007403bfc48,0x0000000747e80000)
 Metaspace       used 8767K, capacity 8921K, committed 9216K, reserved 1056768K
  class space    used 900K, capacity 949K, committed 1024K, reserved 1048576K
}
Event: 43.388 GC heap before
{Heap before GC invocations=97 (full 0):
 PSYoungGen      total 27648K, used 27296K [0x0000000795580000, 0x0000000798e00000, 0x00000007c0000000)
  eden space 27136K, 100% used [0x0000000795580000,0x0000000797000000,0x0000000797000000)
  from space 512K, 31% used [0x0000000798d80000,0x0000000798da8000,0x0000000798e00000)
  to   space 512K, 0% used [0x0000000798d00000,0x0000000798d00000,0x0000000798d80000)
 ParOldGen       total 129536K, used 3839K [0x0000000740000000, 0x0000000747e80000, 0x0000000795580000)
  object space 129536K, 2% used [0x0000000740000000,0x00000007403bfc48,0x0000000747e80000)
 Metaspace       used 8767K, capacity 8921K, committed 9216K, reserved 1056768K
  class space    used 900K, capacity 949K, committed 1024K, reserved 1048576K
Event: 43.390 GC heap after
Heap after GC invocations=97 (full 0):
 PSYoungGen      total 26624K, used 64K [0x0000000795580000, 0x0000000798e00000, 0x00000007c0000000)
  eden space 26112K, 0% used [0x0000000795580000,0x0000000795580000,0x0000000796f00000)
  from space 512K, 12% used [0x0000000798d00000,0x0000000798d10000,0x0000000798d80000)
  to   space 512K, 0% used [0x0000000798d80000,0x0000000798d80000,0x0000000798e00000)
 ParOldGen       total 129536K, used 3863K [0x0000000740000000, 0x0000000747e80000, 0x0000000795580000)
  object space 129536K, 2% used [0x0000000740000000,0x00000007403c5c48,0x0000000747e80000)
 Metaspace       used 8767K, capacity 8921K, committed 9216K, reserved 1056768K
  class space    used 900K, capacity 949K, committed 1024K, reserved 1048576K
}
Event: 44.559 GC heap before
{Heap before GC invocations=98 (full 0):
 PSYoungGen      total 26624K, used 26176K [0x0000000795580000, 0x0000000798e00000, 0x00000007c0000000)
  eden space 26112K, 100% used [0x0000000795580000,0x0000000796f00000,0x0000000796f00000)
  from space 512K, 12% used [0x0000000798d00000,0x0000000798d10000,0x0000000798d80000)
  to   space 512K, 0% used [0x0000000798d80000,0x0000000798d80000,0x0000000798e00000)
 ParOldGen       total 129536K, used 3863K [0x0000000740000000, 0x0000000747e80000, 0x0000000795580000)
  object space 129536K, 2% used [0x0000000740000000,0x00000007403c5c48,0x0000000747e80000)
 Metaspace       used 8767K, capacity 8921K, committed 9216K, reserved 1056768K
  class space    used 900K, capacity 949K, committed 1024K, reserved 1048576K
Event: 44.560 GC heap after
Heap after GC invocations=98 (full 0):
 PSYoungGen      total 25600K, used 96K [0x0000000795580000, 0x0000000798e00000, 0x00000007c0000000)
  eden space 25088K, 0% used [0x0000000795580000,0x0000000795580000,0x0000000796e00000)
  from space 512K, 18% used [0x0000000798d80000,0x0000000798d98000,0x0000000798e00000)
  to   space 512K, 0% used [0x0000000798d00000,0x0000000798d00000,0x0000000798d80000)
 ParOldGen       total 129536K, used 3863K [0x0000000740000000, 0x0000000747e80000, 0x0000000795580000)
  object space 129536K, 2% used [0x0000000740000000,0x00000007403c5c48,0x0000000747e80000)
 Metaspace       used 8767K, capacity 8921K, committed 9216K, reserved 1056768K
  class space    used 900K, capacity 949K, committed 1024K, reserved 1048576K
}
Event: 45.724 GC heap before
{Heap before GC invocations=99 (full 0):
 PSYoungGen      total 25600K, used 25184K [0x0000000795580000, 0x0000000798e00000, 0x00000007c0000000)
  eden space 25088K, 100% used [0x0000000795580000,0x0000000796e00000,0x0000000796e00000)
  from space 512K, 18% used [0x0000000798d80000,0x0000000798d98000,0x0000000798e00000)
  to   space 512K, 0% used [0x0000000798d00000,0x0000000798d00000,0x0000000798d80000)
 ParOldGen       total 129536K, used 3863K [0x0000000740000000, 0x0000000747e80000, 0x0000000795580000)
  object space 129536K, 2% used [0x0000000740000000,0x00000007403c5c48,0x0000000747e80000)
 Metaspace       used 8767K, capacity 8921K, committed 9216K, reserved 1056768K
  class space    used 900K, capacity 949K, committed 1024K, reserved 1048576K
Event: 45.725 GC heap after
Heap after GC invocations=99 (full 0):
 PSYoungGen      total 24576K, used 64K [0x0000000795580000, 0x0000000798e00000, 0x00000007c0000000)
  eden space 24064K, 0% used [0x0000000795580000,0x0000000795580000,0x0000000796d00000)
  from space 512K, 12% used [0x0000000798d00000,0x0000000798d10000,0x0000000798d80000)
  to   space 512K, 0% used [0x0000000798d80000,0x0000000798d80000,0x0000000798e00000)
 ParOldGen       total 129536K, used 3863K [0x0000000740000000, 0x0000000747e80000, 0x0000000795580000)
  object space 129536K, 2% used [0x0000000740000000,0x00000007403c5c48,0x0000000747e80000)
 Metaspace       used 8767K, capacity 8921K, committed 9216K, reserved 1056768K
  class space    used 900K, capacity 949K, committed 1024K, reserved 1048576K
}
Event: 46.826 GC heap before
{Heap before GC invocations=100 (full 0):
 PSYoungGen      total 24576K, used 24128K [0x0000000795580000, 0x0000000798e00000, 0x00000007c0000000)
  eden space 24064K, 100% used [0x0000000795580000,0x0000000796d00000,0x0000000796d00000)
  from space 512K, 12% used [0x0000000798d00000,0x0000000798d10000,0x0000000798d80000)
  to   space 512K, 0% used [0x0000000798d80000,0x0000000798d80000,0x0000000798e00000)
 ParOldGen       total 129536K, used 3863K [0x0000000740000000, 0x0000000747e80000, 0x0000000795580000)
  object space 129536K, 2% used [0x0000000740000000,0x00000007403c5c48,0x0000000747e80000)
 Metaspace       used 8767K, capacity 8921K, committed 9216K, reserved 1056768K
  class space    used 900K, capacity 949K, committed 1024K, reserved 1048576K
Event: 46.827 GC heap after
Heap after GC invocations=100 (full 0):
 PSYoungGen      total 23552K, used 96K [0x0000000795580000, 0x0000000798e00000, 0x00000007c0000000)
  eden space 23040K, 0% used [0x0000000795580000,0x0000000795580000,0x0000000796c00000)
  from space 512K, 18% used [0x0000000798d80000,0x0000000798d98000,0x0000000798e00000)
  to   space 512K, 0% used [0x0000000798d00000,0x0000000798d00000,0x0000000798d80000)
 ParOldGen       total 129536K, used 3887K [0x0000000740000000, 0x0000000747e80000, 0x0000000795580000)
  object space 129536K, 3% used [0x0000000740000000,0x00000007403cbc48,0x0000000747e80000)
 Metaspace       used 8767K, capacity 8921K, committed 9216K, reserved 1056768K
  class space    used 900K, capacity 949K, committed 1024K, reserved 1048576K
}

