# JRE version: Java(TM) SE Runtime Environment (8.0_05-b13) (build 1.8.0_05-b13)
# Java VM: Java HotSpot(TM) 64-Bit Server VM (25.5-b02 mixed mode bsd-amd64 compressed oops)
Heap:
 PSYoungGen      total 6656K, used 546K [0x000000016cb80000, 0x000000016d680000, 0x0000000197600000)
  eden space 6144K, 7% used [0x000000016cb80000,0x000000016cbf8bb8,0x000000016d180000)
  from space 512K, 12% used [0x000000016d600000,0x000000016d610000,0x000000016d680000)
  to   space 1536K, 0% used [0x000000016d380000,0x000000016d380000,0x000000016d500000)
 ParOldGen       total 129536K, used 1859K [0x0000000117600000, 0x000000011f480000, 0x000000016cb80000)
  object space 129536K, 1% used [0x0000000117600000,0x00000001177d0f60,0x000000011f480000)
 Metaspace       used 6950K, capacity 7079K, committed 7168K, reserved 1056768K
  class space    used 720K, capacity 762K, committed 768K, reserved 1048576K
GC Heap History (10 events):
Event: 2.004 GC heap before
{Heap before GC invocations=10 (full 0):
 PSYoungGen      total 5120K, used 4456K [0x000000016cb80000, 0x000000016d480000, 0x0000000197600000)
  eden space 3584K, 100% used [0x000000016cb80000,0x000000016cf00000,0x000000016cf00000)
  from space 1536K, 56% used [0x000000016cf00000,0x000000016cfda148,0x000000016d080000)
  to   space 1536K, 0% used [0x000000016d300000,0x000000016d300000,0x000000016d480000)
 ParOldGen       total 129536K, used 1126K [0x0000000117600000, 0x000000011f480000, 0x000000016cb80000)
  object space 129536K, 0% used [0x0000000117600000,0x0000000117719988,0x000000011f480000)
 Metaspace       used 6908K, capacity 7015K, committed 7168K, reserved 1056768K
  class space    used 716K, capacity 762K, committed 768K, reserved 1048576K
Event: 2.006 GC heap after
Heap after GC invocations=10 (full 0):
 PSYoungGen      total 7680K, used 214K [0x000000016cb80000, 0x000000016d480000, 0x0000000197600000)
  eden space 6144K, 0% used [0x000000016cb80000,0x000000016cb80000,0x000000016d180000)
  from space 1536K, 13% used [0x000000016d300000,0x000000016d335858,0x000000016d480000)
  to   space 1536K, 0% used [0x000000016d180000,0x000000016d180000,0x000000016d300000)
 ParOldGen       total 129536K, used 1659K [0x0000000117600000, 0x000000011f480000, 0x000000016cb80000)
  object space 129536K, 1% used [0x0000000117600000,0x000000011779ee18,0x000000011f480000)
 Metaspace       used 6908K, capacity 7015K, committed 7168K, reserved 1056768K
  class space    used 716K, capacity 762K, committed 768K, reserved 1048576K
}
Event: 2.826 GC heap before
{Heap before GC invocations=11 (full 0):
 PSYoungGen      total 7680K, used 6358K [0x000000016cb80000, 0x000000016d480000, 0x0000000197600000)
  eden space 6144K, 100% used [0x000000016cb80000,0x000000016d180000,0x000000016d180000)
  from space 1536K, 13% used [0x000000016d300000,0x000000016d335858,0x000000016d480000)
  to   space 1536K, 0% used [0x000000016d180000,0x000000016d180000,0x000000016d300000)
 ParOldGen       total 129536K, used 1659K [0x0000000117600000, 0x000000011f480000, 0x000000016cb80000)
  object space 129536K, 1% used [0x0000000117600000,0x000000011779ee18,0x000000011f480000)
 Metaspace       used 6941K, capacity 7079K, committed 7168K, reserved 1056768K
  class space    used 720K, capacity 762K, committed 768K, reserved 1048576K
Event: 2.827 GC heap after
Heap after GC invocations=11 (full 0):
 PSYoungGen      total 7680K, used 128K [0x000000016cb80000, 0x000000016d880000, 0x0000000197600000)
  eden space 6144K, 0% used [0x000000016cb80000,0x000000016cb80000,0x000000016d180000)
  from space 1536K, 8% used [0x000000016d180000,0x000000016d1a0000,0x000000016d300000)
  to   space 1536K, 0% used [0x000000016d700000,0x000000016d700000,0x000000016d880000)
 ParOldGen       total 129536K, used 1803K [0x0000000117600000, 0x000000011f480000, 0x000000016cb80000)
  object space 129536K, 1% used [0x0000000117600000,0x00000001177c2f60,0x000000011f480000)
 Metaspace       used 6941K, capacity 7079K, committed 7168K, reserved 1056768K
  class space    used 720K, capacity 762K, committed 768K, reserved 1048576K
}
Event: 3.597 GC heap before
{Heap before GC invocations=12 (full 0):
 PSYoungGen      total 7680K, used 6272K [0x000000016cb80000, 0x000000016d880000, 0x0000000197600000)
  eden space 6144K, 100% used [0x000000016cb80000,0x000000016d180000,0x000000016d180000)
  from space 1536K, 8% used [0x000000016d180000,0x000000016d1a0000,0x000000016d300000)
  to   space 1536K, 0% used [0x000000016d700000,0x000000016d700000,0x000000016d880000)
 ParOldGen       total 129536K, used 1803K [0x0000000117600000, 0x000000011f480000, 0x000000016cb80000)
  object space 129536K, 1% used [0x0000000117600000,0x00000001177c2f60,0x000000011f480000)
 Metaspace       used 6941K, capacity 7079K, committed 7168K, reserved 1056768K
  class space    used 720K, capacity 762K, committed 768K, reserved 1048576K
Event: 3.598 GC heap after
Heap after GC invocations=12 (full 0):
 PSYoungGen      total 6656K, used 96K [0x000000016cb80000, 0x000000016d780000, 0x0000000197600000)
  eden space 6144K, 0% used [0x000000016cb80000,0x000000016cb80000,0x000000016d180000)
  from space 512K, 18% used [0x000000016d700000,0x000000016d718000,0x000000016d780000)
  to   space 1536K, 0% used [0x000000016d480000,0x000000016d480000,0x000000016d600000)
 ParOldGen       total 129536K, used 1827K [0x0000000117600000, 0x000000011f480000, 0x000000016cb80000)
  object space 129536K, 1% used [0x0000000117600000,0x00000001177c8f60,0x000000011f480000)
 Metaspace       used 6941K, capacity 7079K, committed 7168K, reserved 1056768K
  class space    used 720K, capacity 762K, committed 768K, reserved 1048576K
}
Event: 4.371 GC heap before
{Heap before GC invocations=13 (full 0):
 PSYoungGen      total 6656K, used 6240K [0x000000016cb80000, 0x000000016d780000, 0x0000000197600000)
  eden space 6144K, 100% used [0x000000016cb80000,0x000000016d180000,0x000000016d180000)
  from space 512K, 18% used [0x000000016d700000,0x000000016d718000,0x000000016d780000)
  to   space 1536K, 0% used [0x000000016d480000,0x000000016d480000,0x000000016d600000)
 ParOldGen       total 129536K, used 1827K [0x0000000117600000, 0x000000011f480000, 0x000000016cb80000)
  object space 129536K, 1% used [0x0000000117600000,0x00000001177c8f60,0x000000011f480000)
 Metaspace       used 6941K, capacity 7079K, committed 7168K, reserved 1056768K
  class space    used 720K, capacity 762K, committed 768K, reserved 1048576K
Event: 4.372 GC heap after
Heap after GC invocations=13 (full 0):
 PSYoungGen      total 7680K, used 96K [0x000000016cb80000, 0x000000016d780000, 0x0000000197600000)
  eden space 6144K, 0% used [0x000000016cb80000,0x000000016cb80000,0x000000016d180000)
  from space 1536K, 6% used [0x000000016d480000,0x000000016d498000,0x000000016d600000)
  to   space 1536K, 0% used [0x000000016d600000,0x000000016d600000,0x000000016d780000)
 ParOldGen       total 129536K, used 1843K [0x0000000117600000, 0x000000011f480000, 0x000000016cb80000)
  object space 129536K, 1% used [0x0000000117600000,0x00000001177ccf60,0x000000011f480000)
 Metaspace       used 6941K, capacity 7079K, committed 7168K, reserved 1056768K
  class space    used 720K, capacity 762K, committed 768K, reserved 1048576K
}
Event: 5.109 GC heap before
{Heap before GC invocations=14 (full 0):
 PSYoungGen      total 7680K, used 6240K [0x000000016cb80000, 0x000000016d780000, 0x0000000197600000)
  eden space 6144K, 100% used [0x000000016cb80000,0x000000016d180000,0x000000016d180000)
  from space 1536K, 6% used [0x000000016d480000,0x000000016d498000,0x000000016d600000)
  to   space 1536K, 0% used [0x000000016d600000,0x000000016d600000,0x000000016d780000)
 ParOldGen       total 129536K, used 1843K [0x0000000117600000, 0x000000011f480000, 0x000000016cb80000)
  object space 129536K, 1% used [0x0000000117600000,0x00000001177ccf60,0x000000011f480000)
 Metaspace       used 6942K, capacity 7079K, committed 7168K, reserved 1056768K
  class space    used 720K, capacity 762K, committed 768K, reserved 1048576K
Event: 5.110 GC heap after
Heap after GC invocations=14 (full 0):
 PSYoungGen      total 6656K, used 64K [0x000000016cb80000, 0x000000016d680000, 0x0000000197600000)
  eden space 6144K, 0% used [0x000000016cb80000,0x000000016cb80000,0x000000016d180000)
  from space 512K, 12% used [0x000000016d600000,0x000000016d610000,0x000000016d680000)
  to   space 1536K, 0% used [0x000000016d380000,0x000000016d380000,0x000000016d500000)
 ParOldGen       total 129536K, used 1859K [0x0000000117600000, 0x000000011f480000, 0x000000016cb80000)
  object space 129536K, 1% used [0x0000000117600000,0x00000001177d0f60,0x000000011f480000)
 Metaspace       used 6942K, capacity 7079K, committed 7168K, reserved 1056768K
  class space    used 720K, capacity 762K, committed 768K, reserved 1048576K
}

